11552633
11552626
11552617
11552616
11552610
11552601
11552600
11552595
11552593
11552591
11552585
11552584
11552579
11552578
11552575
11552574
11552549
11552547
11552540
11552536
11552526
11552515
11552476
11552470
11552468
11552451
11552441
11552440
11552427
11552425
11552423
11552414
11552411
11552393
11552387
11552378
11552375
11552366
11552358
11552356
11552347
11552336
11552332
11552323
11552321
11552316
11552311
11552284
11552280
11552279
11552273
11552272
11552269
11552259
11552249
11552236
11552227
11552226
11552224
11552222
11552204
11552203
11552197
11552192
11552191
11552182
11552160
11552141
11552126
11552112
11552107
11552100
11552096
11552087
11552084
11552078
11552069
11552067
11552062
11552060
11552059
11552037
11552029
11552003
11551974
11551952
11551946
11551938
11551914
11551907
11551898
11551897
11551895
11551889
11551851
11551850
11551843
11551841
11551832
11551829
11551815
11551814
11551804
11551794
11551791
11551762
11551748
11551741
11551700
11551677
11551676
11551668
11551642
11551639
11551638
11551636
11551630
11551626
11551601
11551597
11551593
11551586
11551582
11551578
11551553
11551550
11551544
11551536
11551529
11551527
11551511
11551509
11551483
11551482
11551474
11551470
11551443
11551436
11551432
11551421
11551411
11551363
11551361
11551352
11551334
11551333
11551325
11551324
11551270
11551259
11551252
11551247
11551230
11551228
11551217
11551216
11551209
11551207
11551199
11551187
11551183
11551159
11551157
11551126
11551122
11551110
11551109
11551060
11551040
11551019
11551016
11551008
11550990
11550981
11550962
11550952
11550951
11550946
11550942
11550913
11550907
11550903
11550879
11550878
11550873
11550855
11550843
11550837
11550829
11550809
11550800
11550795
11550791
11550780
11550779
11550766
11550765
11550763
11550742
11550739
11550732
11550714
11550675
11550672
11550658
11550639
11550624
11550622
11550613
11550606
11550592
11550591
11550583
11550575
11550568
11550555
11550552
11550545
11550512
11550502
11550481
11550479
11550475
11550474
11550411
11550399
11550387
11550380
11550351
11550325
11550324
11550322
11550321
11550309
11550305
11550289
11550279
11550275
11550273
11550272
11550250
11550249
11550243
11550228
11550223
11550193
11550179
11550173
11550169
11550152
11550148
11550140
11550139
11550130
11550124
11550107
11550104
11550098
11550080
11550038
11550013
11549987
11549956
11549947
11549946
11549927
11549917
11549908
11549890
11549874
11549865
11549860
11549852
11549849
11549839
11549835
11549823
11549810
11549806
11549803
11549802
11549795
11549792
11549790
11549789
11549778
11549765
11549761
11549758
11549756
11549717
11549708
11549699
11549697
11549659
11549654
11549649
11549635
11549617
11549610
11549602
11549598
11549583
11549569
11549566
11549565
11549558
11549553
11549549
11549536
11549529
11549525
11549502
11549497
11549496
11549492
11549485
11549484
11549480
11549464
11549460
11549449
11549447
11549427
11549422
11549420
11549408
11549393
11549369
11549350
11549348
11549345
11549339
11549309
11549294
11549289
11549288
11549277
11549272
11549262
11549251
11549236
11549200
11549188
11549187
11549177
11549162
11549158
11549149
11549133
11549101
11549098
11549094
11549091
11549066
11549064
11549044
11549029
11549024
11549006
11548988
11548966
11548963
11548959
11548951
11548948
11548946
11548944
11548939
11548931
11548922
11548885
11548866
11548864
11548862
11548845
11548838
11548831
11548822
11548816
11548814
11548813
11548808
11548802
11548784
11548780
11548778
11548775
11548771
11548768
11548763
11548761
11548759
11548734
11548717
11548711
11548695
11548694
11548689
11548685
11548679
11548671
11548670
11548665
11548661
11548658
11548655
11548643
11548620
11548609
11548576
11548565
11548556
11548554
11548552
11548549
11548533
11548528
11548520
11548519
11548516
11548514
11548511
11548508
11548505
11548501
11548478
11548469
11548462
11548456
11548450
11548447
11548434
11548429
11548425
11548420
11548415
11548414
11548412
11548411
11548409
11548407
11548406
11548403
11548400
11548399
11548390
11548382
11548378
11548377
11548375
11548358
11548354
11548351
11548350
11548348
11548338
11548334
11548325
11548321
11548319
11548318
11548316
11548305
11548286
11548280
11548276
11548261
11548260
11548257
11548256
11548248
11548243
11548239
11548235
11548233
11548232
11548229
11548221
11548209
11548204
11548199
11548196
11548193
11548191
11548184
11548182
11548176
11548169
11548166
11548162
11548153
11548138
11548137
11548132
11548095
11548087
11548080
11548069
11548061
